Copyright 1986-2021 Xilinx, Inc. All Rights Reserved.
------------------------------------------------------------------------------------
| Tool Version : Vivado v.2021.1 (lin64) Build 3247384 Thu Jun 10 19:36:07 MDT 2021
| Date         : Sat Dec 11 20:30:05 2021
| Host         : iabilheira running 64-bit Ubuntu 20.04.3 LTS
| Command      : report_timing_summary -file timing_summary.log
| Design       : main
| Device       : 7a15t-cpg236
| Speed File   : -1  PRODUCTION 1.23 2018-06-13
------------------------------------------------------------------------------------

Timing Summary Report

------------------------------------------------------------------------------------------------
| Timer Settings
| --------------
------------------------------------------------------------------------------------------------

  Enable Multi Corner Analysis               :  Yes
  Enable Pessimism Removal                   :  Yes
  Pessimism Removal Resolution               :  Nearest Common Node
  Enable Input Delay Default Clock           :  No
  Enable Preset / Clear Arcs                 :  No
  Disable Flight Delays                      :  No
  Ignore I/O Paths                           :  No
  Timing Early Launch at Borrowing Latches   :  No
  Borrow Time for Max Delay Exceptions       :  Yes
  Merge Timing Exceptions                    :  Yes

  Corner  Analyze    Analyze    
  Name    Max Paths  Min Paths  
  ------  ---------  ---------  
  Slow    Yes        Yes        
  Fast    Yes        Yes        


------------------------------------------------------------------------------------------------
| Report Methodology
| ------------------
------------------------------------------------------------------------------------------------

No report available as report_methodology has not been run prior. Run report_methodology on the current design for the summary of methodology violations.



check_timing report

Table of Contents
-----------------
1. checking no_clock (0)
2. checking constant_clock (0)
3. checking pulse_width_clock (0)
4. checking unconstrained_internal_endpoints (0)
5. checking no_input_delay (2)
6. checking no_output_delay (2)
7. checking multiple_clock (0)
8. checking generated_clocks (0)
9. checking loops (0)
10. checking partial_input_delay (0)
11. checking partial_output_delay (0)
12. checking latch_loops (0)

1. checking no_clock (0)
------------------------
 There are 0 register/latch pins with no clock.


2. checking constant_clock (0)
------------------------------
 There are 0 register/latch pins with constant_clock.


3. checking pulse_width_clock (0)
---------------------------------
 There are 0 register/latch pins which need pulse_width check


4. checking unconstrained_internal_endpoints (0)
------------------------------------------------
 There are 0 pins that are not constrained for maximum delay.

 There are 0 pins that are not constrained for maximum delay due to constant clock.


5. checking no_input_delay (2)
------------------------------
 There are 2 input ports with no input delay specified. (HIGH)

 There are 0 input ports with no input delay but user has a false path constraint.


6. checking no_output_delay (2)
-------------------------------
 There are 2 ports with no output delay specified. (HIGH)

 There are 0 ports with no output delay but user has a false path constraint

 There are 0 ports with no output delay but with a timing clock defined on it or propagating through it


7. checking multiple_clock (0)
------------------------------
 There are 0 register/latch pins with multiple clocks.


8. checking generated_clocks (0)
--------------------------------
 There are 0 generated clocks that are not connected to a clock source.


9. checking loops (0)
---------------------
 There are 0 combinational loops in the design.


10. checking partial_input_delay (0)
------------------------------------
 There are 0 input ports with partial input delay specified.


11. checking partial_output_delay (0)
-------------------------------------
 There are 0 ports with partial output delay specified.


12. checking latch_loops (0)
----------------------------
 There are 0 combinational latch loops in the design through latch input



------------------------------------------------------------------------------------------------
| Design Timing Summary
| ---------------------
------------------------------------------------------------------------------------------------

    WNS(ns)      TNS(ns)  TNS Failing Endpoints  TNS Total Endpoints      WHS(ns)      THS(ns)  THS Failing Endpoints  THS Total Endpoints     WPWS(ns)     TPWS(ns)  TPWS Failing Endpoints  TPWS Total Endpoints  
    -------      -------  ---------------------  -------------------      -------      -------  ---------------------  -------------------     --------     --------  ----------------------  --------------------  
     78.757        0.000                      0                   36        0.196        0.000                      0                   36       41.160        0.000                       0                    19  


All user specified timing constraints are met.


------------------------------------------------------------------------------------------------
| Clock Summary
| -------------
------------------------------------------------------------------------------------------------

Clock        Waveform(ns)       Period(ns)      Frequency(MHz)
-----        ------------       ----------      --------------
sys_clk_pin  {0.000 41.660}     83.330          12.000          


------------------------------------------------------------------------------------------------
| Intra Clock Table
| -----------------
------------------------------------------------------------------------------------------------

Clock             WNS(ns)      TNS(ns)  TNS Failing Endpoints  TNS Total Endpoints      WHS(ns)      THS(ns)  THS Failing Endpoints  THS Total Endpoints     WPWS(ns)     TPWS(ns)  TPWS Failing Endpoints  TPWS Total Endpoints  
-----             -------      -------  ---------------------  -------------------      -------      -------  ---------------------  -------------------     --------     --------  ----------------------  --------------------  
sys_clk_pin        78.757        0.000                      0                   36        0.196        0.000                      0                   36       41.160        0.000                       0                    19  


------------------------------------------------------------------------------------------------
| Inter Clock Table
| -----------------
------------------------------------------------------------------------------------------------

From Clock    To Clock          WNS(ns)      TNS(ns)  TNS Failing Endpoints  TNS Total Endpoints      WHS(ns)      THS(ns)  THS Failing Endpoints  THS Total Endpoints  
----------    --------          -------      -------  ---------------------  -------------------      -------      -------  ---------------------  -------------------  


------------------------------------------------------------------------------------------------
| Other Path Groups Table
| -----------------------
------------------------------------------------------------------------------------------------

Path Group    From Clock    To Clock          WNS(ns)      TNS(ns)  TNS Failing Endpoints  TNS Total Endpoints      WHS(ns)      THS(ns)  THS Failing Endpoints  THS Total Endpoints  
----------    ----------    --------          -------      -------  ---------------------  -------------------      -------      -------  ---------------------  -------------------  


------------------------------------------------------------------------------------------------
| Timing Details
| --------------
------------------------------------------------------------------------------------------------


---------------------------------------------------------------------------------------------------
From Clock:  sys_clk_pin
  To Clock:  sys_clk_pin

Setup :            0  Failing Endpoints,  Worst Slack       78.757ns,  Total Violation        0.000ns
Hold  :            0  Failing Endpoints,  Worst Slack        0.196ns,  Total Violation        0.000ns
PW    :            0  Failing Endpoints,  Worst Slack       41.160ns,  Total Violation        0.000ns
---------------------------------------------------------------------------------------------------


Max Delay Paths
--------------------------------------------------------------------------------------
Slack (MET) :             78.757ns  (required time - arrival time)
  Source:                 PULSE_GEN/counter_reg[2]/C
                            (rising edge-triggered cell FDRE clocked by sys_clk_pin  {rise@0.000ns fall@41.660ns period=83.330ns})
  Destination:            PULSE_GEN/counter_reg[12]/R
                            (rising edge-triggered cell FDRE clocked by sys_clk_pin  {rise@0.000ns fall@41.660ns period=83.330ns})
  Path Group:             sys_clk_pin
  Path Type:              Setup (Max at Slow Process Corner)
  Requirement:            83.330ns  (sys_clk_pin rise@83.330ns - sys_clk_pin rise@0.000ns)
  Data Path Delay:        4.086ns  (logic 1.652ns (40.435%)  route 2.434ns (59.565%))
  Logic Levels:           4  (CARRY4=2 LUT2=1 LUT3=1)
  Clock Path Skew:        -0.023ns (DCD - SCD + CPR)
    Destination Clock Delay (DCD):    4.881ns = ( 88.211 - 83.330 ) 
    Source Clock Delay      (SCD):    5.177ns
    Clock Pessimism Removal (CPR):    0.273ns
  Clock Uncertainty:      0.035ns  ((TSJ^2 + TIJ^2)^1/2 + DJ) / 2 + PE
    Total System Jitter     (TSJ):    0.071ns
    Total Input Jitter      (TIJ):    0.000ns
    Discrete Jitter          (DJ):    0.000ns
    Phase Error              (PE):    0.000ns

    Location             Delay type                Incr(ns)  Path(ns)    Netlist Resource(s)
  -------------------------------------------------------------------    -------------------
                         (clock sys_clk_pin rise edge)
                                                      0.000     0.000 r  
    L17                                               0.000     0.000 r  clk (IN)
                         net (fo=0)                   0.000     0.000    clk
    L17                  IBUF (Prop_ibuf_I_O)         1.476     1.476 r  clk_IBUF_inst/O
                         net (fo=1, routed)           1.972     3.448    clk_IBUF
    BUFGCTRL_X0Y0        BUFG (Prop_bufg_I_O)         0.096     3.544 r  clk_IBUF_BUFG_inst/O
                         net (fo=18, routed)          1.633     5.177    PULSE_GEN/clk_IBUF_BUFG
    SLICE_X65Y35         FDRE                                         r  PULSE_GEN/counter_reg[2]/C
  -------------------------------------------------------------------    -------------------
    SLICE_X65Y35         FDRE (Prop_fdre_C_Q)         0.456     5.633 f  PULSE_GEN/counter_reg[2]/Q
                         net (fo=3, routed)           0.854     6.487    PULSE_GEN/counter_reg[2]
    SLICE_X64Y35         LUT2 (Prop_lut2_I0_O)        0.124     6.611 r  PULSE_GEN/counter0_carry_i_7/O
                         net (fo=1, routed)           0.000     6.611    PULSE_GEN/counter0_carry_i_7_n_0
    SLICE_X64Y35         CARRY4 (Prop_carry4_S[1]_CO[3])
                                                      0.533     7.144 r  PULSE_GEN/counter0_carry/CO[3]
                         net (fo=1, routed)           0.000     7.144    PULSE_GEN/counter0_carry_n_0
    SLICE_X64Y36         CARRY4 (Prop_carry4_CI_CO[2])
                                                      0.229     7.373 r  PULSE_GEN/counter0_carry__0/CO[2]
                         net (fo=2, routed)           0.667     8.039    PULSE_GEN/counter_comparator
    SLICE_X64Y37         LUT3 (Prop_lut3_I1_O)        0.310     8.349 r  PULSE_GEN/counter[0]_i_1/O
                         net (fo=14, routed)          0.913     9.262    PULSE_GEN/counter[0]_i_1_n_0
    SLICE_X65Y38         FDRE                                         r  PULSE_GEN/counter_reg[12]/R
  -------------------------------------------------------------------    -------------------

                         (clock sys_clk_pin rise edge)
                                                     83.330    83.330 r  
    L17                                               0.000    83.330 r  clk (IN)
                         net (fo=0)                   0.000    83.330    clk
    L17                  IBUF (Prop_ibuf_I_O)         1.406    84.736 r  clk_IBUF_inst/O
                         net (fo=1, routed)           1.868    86.604    clk_IBUF
    BUFGCTRL_X0Y0        BUFG (Prop_bufg_I_O)         0.091    86.695 r  clk_IBUF_BUFG_inst/O
                         net (fo=18, routed)          1.516    88.211    PULSE_GEN/clk_IBUF_BUFG
    SLICE_X65Y38         FDRE                                         r  PULSE_GEN/counter_reg[12]/C
                         clock pessimism              0.273    88.484    
                         clock uncertainty           -0.035    88.449    
    SLICE_X65Y38         FDRE (Setup_fdre_C_R)       -0.429    88.020    PULSE_GEN/counter_reg[12]
  -------------------------------------------------------------------
                         required time                         88.020    
                         arrival time                          -9.262    
  -------------------------------------------------------------------
                         slack                                 78.757    





Min Delay Paths
--------------------------------------------------------------------------------------
Slack (MET) :             0.196ns  (arrival time - required time)
  Source:                 PWM/counter_reg[1]/C
                            (rising edge-triggered cell FDRE clocked by sys_clk_pin  {rise@0.000ns fall@41.660ns period=83.330ns})
  Destination:            PWM/counter_reg[3]/D
                            (rising edge-triggered cell FDRE clocked by sys_clk_pin  {rise@0.000ns fall@41.660ns period=83.330ns})
  Path Group:             sys_clk_pin
  Path Type:              Hold (Min at Fast Process Corner)
  Requirement:            0.000ns  (sys_clk_pin rise@0.000ns - sys_clk_pin rise@0.000ns)
  Data Path Delay:        0.316ns  (logic 0.212ns (67.022%)  route 0.104ns (32.978%))
  Logic Levels:           1  (LUT4=1)
  Clock Path Skew:        0.013ns (DCD - SCD - CPR)
    Destination Clock Delay (DCD):    2.009ns
    Source Clock Delay      (SCD):    1.495ns
    Clock Pessimism Removal (CPR):    0.501ns

    Location             Delay type                Incr(ns)  Path(ns)    Netlist Resource(s)
  -------------------------------------------------------------------    -------------------
                         (clock sys_clk_pin rise edge)
                                                      0.000     0.000 r  
    L17                                               0.000     0.000 r  clk (IN)
                         net (fo=0)                   0.000     0.000    clk
    L17                  IBUF (Prop_ibuf_I_O)         0.244     0.244 r  clk_IBUF_inst/O
                         net (fo=1, routed)           0.634     0.878    clk_IBUF
    BUFGCTRL_X0Y0        BUFG (Prop_bufg_I_O)         0.026     0.904 r  clk_IBUF_BUFG_inst/O
                         net (fo=18, routed)          0.591     1.495    PWM/clk_IBUF_BUFG
    SLICE_X64Y34         FDRE                                         r  PWM/counter_reg[1]/C
  -------------------------------------------------------------------    -------------------
    SLICE_X64Y34         FDRE (Prop_fdre_C_Q)         0.164     1.659 r  PWM/counter_reg[1]/Q
                         net (fo=5, routed)           0.104     1.763    PWM/NOTPWM/counter_reg[1]
    SLICE_X65Y34         LUT4 (Prop_lut4_I1_O)        0.048     1.811 r  PWM/counter[3]_i_2/O
                         net (fo=1, routed)           0.000     1.811    PWM/p_0_in[3]
    SLICE_X65Y34         FDRE                                         r  PWM/counter_reg[3]/D
  -------------------------------------------------------------------    -------------------

                         (clock sys_clk_pin rise edge)
                                                      0.000     0.000 r  
    L17                                               0.000     0.000 r  clk (IN)
                         net (fo=0)                   0.000     0.000    clk
    L17                  IBUF (Prop_ibuf_I_O)         0.432     0.432 r  clk_IBUF_inst/O
                         net (fo=1, routed)           0.689     1.120    clk_IBUF
    BUFGCTRL_X0Y0        BUFG (Prop_bufg_I_O)         0.029     1.149 r  clk_IBUF_BUFG_inst/O
                         net (fo=18, routed)          0.860     2.009    PWM/clk_IBUF_BUFG
    SLICE_X65Y34         FDRE                                         r  PWM/counter_reg[3]/C
                         clock pessimism             -0.501     1.508    
    SLICE_X65Y34         FDRE (Hold_fdre_C_D)         0.107     1.615    PWM/counter_reg[3]
  -------------------------------------------------------------------
                         required time                         -1.615    
                         arrival time                           1.811    
  -------------------------------------------------------------------
                         slack                                  0.196    





Pulse Width Checks
--------------------------------------------------------------------------------------
Clock Name:         sys_clk_pin
Waveform(ns):       { 0.000 41.660 }
Period(ns):         83.330
Sources:            { clk }

Check Type        Corner  Lib Pin  Reference Pin  Required(ns)  Actual(ns)  Slack(ns)  Location       Pin
Min Period        n/a     BUFG/I   n/a            2.155         83.330      81.175     BUFGCTRL_X0Y0  clk_IBUF_BUFG_inst/I
Low Pulse Width   Slow    FDRE/C   n/a            0.500         41.670      41.170     SLICE_X65Y35   PULSE_GEN/counter_reg[0]/C
High Pulse Width  Slow    FDRE/C   n/a            0.500         41.660      41.160     SLICE_X65Y35   PULSE_GEN/counter_reg[0]/C



