#-----------------------------------------------------------
# Vivado v2021.1 (64-bit)
# SW Build 3247384 on Thu Jun 10 19:36:07 MDT 2021
# IP Build 3246043 on Fri Jun 11 00:30:35 MDT 2021
# Start of session at: Sat Dec 11 20:27:42 2021
# Process ID: 2324
# Current directory: /home/iabilheira/Documents/Amp-lified
# Command line: vivado -mode batch -source build.tcl
# Log file: /home/iabilheira/Documents/Amp-lified/vivado.log
# Journal file: /home/iabilheira/Documents/Amp-lified/vivado.jou
#-----------------------------------------------------------
source build.tcl
# read_verilog [ glob ./*.sv ]
# read_xdc ./main.xdc
# synth_design -top main -part xc7a15tcpg236-1
Command: synth_design -top main -part xc7a15tcpg236-1
Starting synth_design
Attempting to get a license for feature 'Synthesis' and/or device 'xc7a15t'
INFO: [Common 17-349] Got license for feature 'Synthesis' and/or device 'xc7a15t'
INFO: [Device 21-403] Loading part xc7a15tcpg236-1
INFO: [Synth 8-7079] Multithreading enabled for synth_design using a maximum of 4 processes.
INFO: [Synth 8-7078] Launching helper process for spawning children vivado processes
INFO: [Synth 8-7075] Helper process launched with PID 2334
CRITICAL WARNING: [Synth 8-976] duty has already been declared [/home/iabilheira/Documents/Amp-lified/main.sv:44]
CRITICAL WARNING: [Synth 8-2654] second declaration of duty ignored [/home/iabilheira/Documents/Amp-lified/main.sv:44]
INFO: [Synth 8-994] duty is declared here [/home/iabilheira/Documents/Amp-lified/main.sv:17]
CRITICAL WARNING: [Synth 8-976] duty has already been declared [/home/iabilheira/Documents/Amp-lified/main.sv:49]
CRITICAL WARNING: [Synth 8-2654] second declaration of duty ignored [/home/iabilheira/Documents/Amp-lified/main.sv:49]
INFO: [Synth 8-994] duty is declared here [/home/iabilheira/Documents/Amp-lified/main.sv:17]
ERROR: [Synth 8-1031] rgbs is not declared [/home/iabilheira/Documents/Amp-lified/main.sv:5]
ERROR: [Synth 8-2537] port rgb is not defined [/home/iabilheira/Documents/Amp-lified/main.sv:20]
INFO: [Synth 8-2350] module main ignored due to previous errors [/home/iabilheira/Documents/Amp-lified/main.sv:5]
Failed to read verilog '/home/iabilheira/Documents/Amp-lified/main.sv'
INFO: [Common 17-83] Releasing license: Synthesis
9 Infos, 0 Warnings, 4 Critical Warnings and 3 Errors encountered.
synth_design failed
ERROR: [Common 17-69] Command failed: Synthesis failed - please see the console or run log file for details
INFO: [Common 17-206] Exiting Vivado at Sat Dec 11 20:27:53 2021...
