#-----------------------------------------------------------
# Vivado v2021.1 (64-bit)
# SW Build 3247384 on Thu Jun 10 19:36:07 MDT 2021
# IP Build 3246043 on Fri Jun 11 00:30:35 MDT 2021
# Start of session at: Sat Dec 11 18:58:13 2021
# Process ID: 4549
# Current directory: /home/iabilheira/Documents/Amp-lified
# Command line: vivado -mode batch -source build.tcl
# Log file: /home/iabilheira/Documents/Amp-lified/vivado.log
# Journal file: /home/iabilheira/Documents/Amp-lified/vivado.jou
#-----------------------------------------------------------
source build.tcl
# read_verilog [ glob ./*.sv ]
# read_xdc ./main.xdc
# synth_design -top main -part xc7a15tcpg236-1
Command: synth_design -top main -part xc7a15tcpg236-1
Starting synth_design
Attempting to get a license for feature 'Synthesis' and/or device 'xc7a15t'
INFO: [Common 17-349] Got license for feature 'Synthesis' and/or device 'xc7a15t'
INFO: [Device 21-403] Loading part xc7a15tcpg236-1
INFO: [Synth 8-7079] Multithreading enabled for synth_design using a maximum of 4 processes.
INFO: [Synth 8-7078] Launching helper process for spawning children vivado processes
INFO: [Synth 8-7075] Helper process launched with PID 4563
CRITICAL WARNING: [Synth 8-2490] overwriting previous definition of module pwm [/home/iabilheira/Documents/Amp-lified/main.sv:5]
---------------------------------------------------------------------------------
Starting RTL Elaboration : Time (s): cpu = 00:00:02 ; elapsed = 00:00:02 . Memory (MB): peak = 2480.977 ; gain = 0.000 ; free physical = 9803 ; free virtual = 14621
---------------------------------------------------------------------------------
ERROR: [Synth 8-439] module 'main' not found
---------------------------------------------------------------------------------
Finished RTL Elaboration : Time (s): cpu = 00:00:03 ; elapsed = 00:00:03 . Memory (MB): peak = 2480.977 ; gain = 0.000 ; free physical = 8982 ; free virtual = 13802
---------------------------------------------------------------------------------
RTL Elaboration failed
INFO: [Common 17-83] Releasing license: Synthesis
6 Infos, 0 Warnings, 1 Critical Warnings and 2 Errors encountered.
synth_design failed
ERROR: [Common 17-69] Command failed: Synthesis failed - please see the console or run log file for details
INFO: [Common 17-206] Exiting Vivado at Sat Dec 11 18:58:25 2021...
